2017-04-28 14:49:53,574 [Worker-2] INFO  c.g.t.t.d.PublishedGradleVersions - Gradle version information cache is up-to-date. Trying to read.
2017-04-28 15:10:24,643 [Start Help Server] INFO  org.eclipse.jetty.util.log - Logging initialized @1244711ms
2017-04-28 15:10:24,811 [Start Help Server] INFO  org.eclipse.jetty.server.Server - jetty-9.3.9.v20160517
2017-04-28 15:10:24,874 [Start Help Server] INFO  o.e.j.server.handler.ContextHandler - Started o.e.j.s.ServletContextHandler@2b98ef03{/help,null,AVAILABLE}
2017-04-28 15:10:24,895 [Start Help Server] INFO  o.e.jetty.server.AbstractConnector - Started ServerConnector@48b7ef2f{HTTP/1.1,[http/1.1]}{127.0.0.1:50090}
2017-04-28 15:10:24,895 [Start Help Server] INFO  org.eclipse.jetty.server.Server - Started @1244961ms
2017-04-28 17:06:44,611 [Stop Help Server] INFO  o.e.jetty.server.AbstractConnector - Stopped ServerConnector@48b7ef2f{HTTP/1.1,[http/1.1]}{127.0.0.1:0}
2017-04-28 17:06:44,633 [Stop Help Server] INFO  o.e.j.server.handler.ContextHandler - Stopped o.e.j.s.ServletContextHandler@2b98ef03{/help,null,UNAVAILABLE}
2017-04-28 17:48:45,595 [Worker-0] INFO  c.g.t.t.d.PublishedGradleVersions - Gradle version information cache is up-to-date. Trying to read.
2017-04-30 12:00:08,614 [Worker-1] INFO  c.g.t.t.d.PublishedGradleVersions - Gradle version information cache is out-of-date. Trying to update.
2017-05-04 13:00:25,185 [Worker-1] INFO  c.g.t.t.d.PublishedGradleVersions - Gradle version information cache is up-to-date. Trying to read.
2017-05-05 10:38:01,402 [Worker-1] INFO  c.g.t.t.d.PublishedGradleVersions - Gradle version information cache is up-to-date. Trying to read.
2017-05-09 10:04:10,717 [Worker-3] INFO  c.g.t.t.d.PublishedGradleVersions - Gradle version information cache is out-of-date. Trying to update.
2017-05-10 07:26:06,949 [Worker-2] INFO  c.g.t.t.d.PublishedGradleVersions - Gradle version information cache is up-to-date. Trying to read.
2017-05-12 11:27:43,223 [Worker-0] INFO  c.g.t.t.d.PublishedGradleVersions - Gradle version information cache is out-of-date. Trying to update.
2017-05-12 13:03:53,531 [Worker-1] INFO  c.g.t.t.d.PublishedGradleVersions - Gradle version information cache is up-to-date. Trying to read.
2017-05-12 14:45:17,841 [Worker-7] INFO  c.g.t.t.d.PublishedGradleVersions - Gradle version information cache is up-to-date. Trying to read.
2017-05-12 14:52:48,268 [Start Help Server] INFO  org.eclipse.jetty.util.log - Logging initialized @473598ms
2017-05-12 14:52:48,446 [Start Help Server] INFO  org.eclipse.jetty.server.Server - jetty-9.3.9.v20160517
2017-05-12 14:52:48,498 [Start Help Server] INFO  o.e.j.server.handler.ContextHandler - Started o.e.j.s.ServletContextHandler@de3d9f5{/help,null,AVAILABLE}
2017-05-12 14:52:48,519 [Start Help Server] INFO  o.e.jetty.server.AbstractConnector - Started ServerConnector@61f6befd{HTTP/1.1,[http/1.1]}{127.0.0.1:50045}
2017-05-12 14:52:48,519 [Start Help Server] INFO  org.eclipse.jetty.server.Server - Started @473849ms
2017-05-12 14:59:04,097 [Stop Help Server] INFO  o.e.jetty.server.AbstractConnector - Stopped ServerConnector@61f6befd{HTTP/1.1,[http/1.1]}{127.0.0.1:0}
2017-05-12 14:59:04,108 [Stop Help Server] INFO  o.e.j.server.handler.ContextHandler - Stopped o.e.j.s.ServletContextHandler@de3d9f5{/help,null,UNAVAILABLE}
2017-05-12 14:59:54,428 [Worker-2] INFO  c.g.t.t.d.PublishedGradleVersions - Gradle version information cache is up-to-date. Trying to read.
2017-05-12 15:39:25,404 [Worker-2] INFO  c.g.t.t.d.PublishedGradleVersions - Gradle version information cache is up-to-date. Trying to read.
2017-05-12 16:14:42,613 [Worker-3] INFO  c.g.t.t.d.PublishedGradleVersions - Gradle version information cache is up-to-date. Trying to read.
2017-05-13 12:07:08,093 [Worker-1] INFO  c.g.t.t.d.PublishedGradleVersions - Gradle version information cache is out-of-date. Trying to update.
2017-05-13 12:23:40,083 [Start Help Server] INFO  org.eclipse.jetty.util.log - Logging initialized @1012640ms
2017-05-13 12:23:40,274 [Start Help Server] INFO  org.eclipse.jetty.server.Server - jetty-9.3.9.v20160517
2017-05-13 12:23:40,324 [Start Help Server] INFO  o.e.j.server.handler.ContextHandler - Started o.e.j.s.ServletContextHandler@4e6356a2{/help,null,AVAILABLE}
2017-05-13 12:23:40,342 [Start Help Server] INFO  o.e.jetty.server.AbstractConnector - Started ServerConnector@3f4bd2b8{HTTP/1.1,[http/1.1]}{127.0.0.1:49901}
2017-05-13 12:23:40,343 [Start Help Server] INFO  org.eclipse.jetty.server.Server - Started @1012900ms
2017-05-13 12:23:45,688 [Stop Help Server] INFO  o.e.jetty.server.AbstractConnector - Stopped ServerConnector@3f4bd2b8{HTTP/1.1,[http/1.1]}{127.0.0.1:0}
2017-05-13 12:23:45,712 [Stop Help Server] INFO  o.e.j.server.handler.ContextHandler - Stopped o.e.j.s.ServletContextHandler@4e6356a2{/help,null,UNAVAILABLE}
2017-05-13 12:24:12,583 [Worker-1] INFO  c.g.t.t.d.PublishedGradleVersions - Gradle version information cache is up-to-date. Trying to read.
2017-05-13 13:59:54,530 [Start Help Server] INFO  org.eclipse.jetty.util.log - Logging initialized @5759926ms
2017-05-13 13:59:54,646 [Start Help Server] INFO  org.eclipse.jetty.server.Server - jetty-9.3.9.v20160517
2017-05-13 13:59:54,693 [Start Help Server] INFO  o.e.j.server.handler.ContextHandler - Started o.e.j.s.ServletContextHandler@7999c0f7{/help,null,AVAILABLE}
2017-05-13 13:59:54,715 [Start Help Server] INFO  o.e.jetty.server.AbstractConnector - Started ServerConnector@4ffc3fc4{HTTP/1.1,[http/1.1]}{127.0.0.1:50167}
2017-05-13 13:59:54,715 [Start Help Server] INFO  org.eclipse.jetty.server.Server - Started @5760102ms
2017-05-13 15:03:02,266 [Stop Help Server] INFO  o.e.jetty.server.AbstractConnector - Stopped ServerConnector@4ffc3fc4{HTTP/1.1,[http/1.1]}{127.0.0.1:0}
2017-05-13 15:03:02,282 [Stop Help Server] INFO  o.e.j.server.handler.ContextHandler - Stopped o.e.j.s.ServletContextHandler@7999c0f7{/help,null,UNAVAILABLE}
2017-05-15 12:28:59,010 [Worker-0] INFO  c.g.t.t.d.PublishedGradleVersions - Gradle version information cache is out-of-date. Trying to update.
2017-05-15 12:29:00,526 [Worker-0] INFO  c.g.t.t.d.PublishedGradleVersions - Updating Gradle version information cache failed. Using outdated cache.
2017-05-15 17:51:55,586 [Worker-2] INFO  c.g.t.t.d.PublishedGradleVersions - Gradle version information cache is out-of-date. Trying to update.
2017-05-22 16:40:45,780 [Worker-2] INFO  c.g.t.t.d.PublishedGradleVersions - Gradle version information cache is up-to-date. Trying to read.
2017-05-22 17:16:01,942 [Worker-1] INFO  c.g.t.t.d.PublishedGradleVersions - Gradle version information cache is out-of-date. Trying to update.
2017-05-22 17:34:28,636 [Worker-2] INFO  c.g.t.t.d.PublishedGradleVersions - Gradle version information cache is up-to-date. Trying to read.
2017-05-22 17:44:57,830 [Worker-2] INFO  c.g.t.t.d.PublishedGradleVersions - Gradle version information cache is up-to-date. Trying to read.
2017-05-22 17:57:51,778 [Start Help Server] INFO  org.eclipse.jetty.util.log - Logging initialized @793733ms
2017-05-22 17:57:51,964 [Start Help Server] INFO  org.eclipse.jetty.server.Server - jetty-9.3.9.v20160517
2017-05-22 17:57:52,016 [Start Help Server] INFO  o.e.j.server.handler.ContextHandler - Started o.e.j.s.ServletContextHandler@211f409a{/help,null,AVAILABLE}
2017-05-22 17:57:52,035 [Start Help Server] INFO  o.e.jetty.server.AbstractConnector - Started ServerConnector@30d70ad6{HTTP/1.1,[http/1.1]}{127.0.0.1:55706}
2017-05-22 17:57:52,035 [Start Help Server] INFO  org.eclipse.jetty.server.Server - Started @793991ms
2017-05-22 17:58:02,825 [Stop Help Server] INFO  o.e.jetty.server.AbstractConnector - Stopped ServerConnector@30d70ad6{HTTP/1.1,[http/1.1]}{127.0.0.1:0}
2017-05-22 17:58:02,841 [Stop Help Server] INFO  o.e.j.server.handler.ContextHandler - Stopped o.e.j.s.ServletContextHandler@211f409a{/help,null,UNAVAILABLE}
2017-05-22 19:48:51,042 [Worker-3] INFO  c.g.t.t.d.PublishedGradleVersions - Gradle version information cache is up-to-date. Trying to read.
2017-05-22 22:05:19,742 [Start Help Server] INFO  org.eclipse.jetty.util.log - Logging initialized @8232322ms
2017-05-22 22:05:19,942 [Start Help Server] INFO  org.eclipse.jetty.server.Server - jetty-9.3.9.v20160517
2017-05-22 22:05:19,996 [Start Help Server] INFO  o.e.j.server.handler.ContextHandler - Started o.e.j.s.ServletContextHandler@19ca1518{/help,null,AVAILABLE}
2017-05-22 22:05:20,011 [Start Help Server] INFO  o.e.jetty.server.AbstractConnector - Started ServerConnector@3755245c{HTTP/1.1,[http/1.1]}{127.0.0.1:56308}
2017-05-22 22:05:20,011 [Start Help Server] INFO  org.eclipse.jetty.server.Server - Started @8232594ms
2017-05-22 22:21:03,447 [Stop Help Server] INFO  o.e.jetty.server.AbstractConnector - Stopped ServerConnector@3755245c{HTTP/1.1,[http/1.1]}{127.0.0.1:0}
2017-05-22 22:21:03,462 [Stop Help Server] INFO  o.e.j.server.handler.ContextHandler - Stopped o.e.j.s.ServletContextHandler@19ca1518{/help,null,UNAVAILABLE}
2017-05-22 22:21:20,702 [Worker-4] INFO  c.g.t.t.d.PublishedGradleVersions - Gradle version information cache is up-to-date. Trying to read.
2017-05-22 22:23:47,901 [Worker-3] INFO  c.g.t.t.d.PublishedGradleVersions - Gradle version information cache is up-to-date. Trying to read.
2017-05-23 10:00:27,521 [Worker-13] INFO  c.g.t.t.d.PublishedGradleVersions - Gradle version information cache is up-to-date. Trying to read.
2017-05-23 10:31:43,721 [Worker-3] INFO  c.g.t.t.d.PublishedGradleVersions - Gradle version information cache is up-to-date. Trying to read.
2017-05-28 18:10:08,318 [Worker-1] INFO  c.g.t.t.d.PublishedGradleVersions - Gradle version information cache is out-of-date. Trying to update.
2017-05-29 18:37:17,439 [Worker-4] INFO  c.g.t.t.d.PublishedGradleVersions - Gradle version information cache is out-of-date. Trying to update.
2017-05-29 20:59:26,161 [Worker-4] INFO  c.g.t.t.d.PublishedGradleVersions - Gradle version information cache is up-to-date. Trying to read.
2017-05-30 17:28:46,956 [Worker-14] INFO  c.g.t.t.d.PublishedGradleVersions - Gradle version information cache is up-to-date. Trying to read.
2017-05-30 17:50:22,681 [Worker-8] INFO  c.g.t.t.d.PublishedGradleVersions - Gradle version information cache is up-to-date. Trying to read.
2017-05-31 19:16:50,812 [Worker-9] INFO  c.g.t.t.d.PublishedGradleVersions - Gradle version information cache is up-to-date. Trying to read.
2017-05-31 19:35:58,359 [Start Help Server] INFO  org.eclipse.jetty.util.log - Logging initialized @1269566ms
2017-05-31 19:35:58,550 [Start Help Server] INFO  org.eclipse.jetty.server.Server - jetty-9.3.9.v20160517
2017-05-31 19:35:58,608 [Start Help Server] INFO  o.e.j.server.handler.ContextHandler - Started o.e.j.s.ServletContextHandler@2dffa772{/help,null,AVAILABLE}
2017-05-31 19:35:58,632 [Start Help Server] INFO  o.e.jetty.server.AbstractConnector - Started ServerConnector@43b675b9{HTTP/1.1,[http/1.1]}{127.0.0.1:53492}
2017-05-31 19:35:58,632 [Start Help Server] INFO  org.eclipse.jetty.server.Server - Started @1269839ms
2017-05-31 19:38:52,947 [Stop Help Server] INFO  o.e.jetty.server.AbstractConnector - Stopped ServerConnector@43b675b9{HTTP/1.1,[http/1.1]}{127.0.0.1:0}
2017-05-31 19:38:52,960 [Stop Help Server] INFO  o.e.j.server.handler.ContextHandler - Stopped o.e.j.s.ServletContextHandler@2dffa772{/help,null,UNAVAILABLE}
2017-06-01 17:40:46,784 [Worker-12] INFO  c.g.t.t.d.PublishedGradleVersions - Gradle version information cache is up-to-date. Trying to read.
2017-06-07 14:22:36,604 [Worker-1] INFO  c.g.t.t.d.PublishedGradleVersions - Gradle version information cache is out-of-date. Trying to update.
2017-06-07 14:22:37,093 [Worker-1] INFO  c.g.t.t.d.PublishedGradleVersions - Updating Gradle version information cache failed. Using outdated cache.
2017-06-09 12:22:20,143 [Worker-1] INFO  c.g.t.t.d.PublishedGradleVersions - Gradle version information cache is out-of-date. Trying to update.
2017-06-09 14:17:44,103 [Start Help Server] INFO  org.eclipse.jetty.util.log - Logging initialized @102963ms
2017-06-09 14:17:44,319 [Start Help Server] INFO  org.eclipse.jetty.server.Server - jetty-9.3.9.v20160517
2017-06-09 14:17:44,383 [Start Help Server] INFO  o.e.j.server.handler.ContextHandler - Started o.e.j.s.ServletContextHandler@4f18c269{/help,null,AVAILABLE}
2017-06-09 14:17:44,407 [Start Help Server] INFO  o.e.jetty.server.AbstractConnector - Started ServerConnector@7be19155{HTTP/1.1,[http/1.1]}{127.0.0.1:49700}
2017-06-09 14:17:44,408 [Start Help Server] INFO  org.eclipse.jetty.server.Server - Started @103273ms
2017-06-09 14:19:51,344 [Worker-4] INFO  c.g.t.t.d.PublishedGradleVersions - Gradle version information cache is up-to-date. Trying to read.
2017-06-09 14:30:05,657 [Stop Help Server] INFO  o.e.jetty.server.AbstractConnector - Stopped ServerConnector@7be19155{HTTP/1.1,[http/1.1]}{127.0.0.1:0}
2017-06-09 14:30:05,678 [Stop Help Server] INFO  o.e.j.server.handler.ContextHandler - Stopped o.e.j.s.ServletContextHandler@4f18c269{/help,null,UNAVAILABLE}
2017-06-09 14:30:32,406 [Worker-0] INFO  c.g.t.t.d.PublishedGradleVersions - Gradle version information cache is up-to-date. Trying to read.
2017-06-09 15:06:31,552 [Start Help Server] INFO  org.eclipse.jetty.util.log - Logging initialized @2178515ms
2017-06-09 15:06:31,673 [Start Help Server] INFO  org.eclipse.jetty.server.Server - jetty-9.3.9.v20160517
2017-06-09 15:06:31,715 [Start Help Server] INFO  o.e.j.server.handler.ContextHandler - Started o.e.j.s.ServletContextHandler@abed6d6{/help,null,AVAILABLE}
2017-06-09 15:06:31,731 [Start Help Server] INFO  o.e.jetty.server.AbstractConnector - Started ServerConnector@7f3f2a00{HTTP/1.1,[http/1.1]}{127.0.0.1:50152}
2017-06-09 15:06:31,731 [Start Help Server] INFO  org.eclipse.jetty.server.Server - Started @2178703ms
2017-06-09 15:46:28,658 [Stop Help Server] INFO  o.e.jetty.server.AbstractConnector - Stopped ServerConnector@7f3f2a00{HTTP/1.1,[http/1.1]}{127.0.0.1:0}
2017-06-09 15:46:28,680 [Stop Help Server] INFO  o.e.j.server.handler.ContextHandler - Stopped o.e.j.s.ServletContextHandler@abed6d6{/help,null,UNAVAILABLE}
2017-06-09 16:18:57,949 [Worker-0] INFO  c.g.t.t.d.PublishedGradleVersions - Gradle version information cache is up-to-date. Trying to read.
2017-06-09 20:31:52,487 [Worker-1] INFO  c.g.t.t.d.PublishedGradleVersions - Gradle version information cache is up-to-date. Trying to read.
2017-06-10 10:50:03,645 [Worker-3] INFO  c.g.t.t.d.PublishedGradleVersions - Gradle version information cache is up-to-date. Trying to read.
2017-06-30 17:11:28,106 [Worker-2] INFO  c.g.t.t.d.PublishedGradleVersions - Gradle version information cache is out-of-date. Trying to update.
2017-06-30 17:35:00,772 [Start Help Server] INFO  org.eclipse.jetty.util.log - Logging initialized @1435278ms
2017-06-30 17:35:00,953 [Start Help Server] INFO  org.eclipse.jetty.server.Server - jetty-9.3.9.v20160517
2017-06-30 17:35:01,000 [Start Help Server] INFO  o.e.j.server.handler.ContextHandler - Started o.e.j.s.ServletContextHandler@71177638{/help,null,AVAILABLE}
2017-06-30 17:35:01,016 [Start Help Server] INFO  o.e.jetty.server.AbstractConnector - Started ServerConnector@25e0cbf3{HTTP/1.1,[http/1.1]}{127.0.0.1:50340}
2017-06-30 17:35:01,017 [Start Help Server] INFO  org.eclipse.jetty.server.Server - Started @1435523ms
2017-06-30 17:41:19,221 [Stop Help Server] INFO  o.e.jetty.server.AbstractConnector - Stopped ServerConnector@25e0cbf3{HTTP/1.1,[http/1.1]}{127.0.0.1:0}
2017-06-30 17:41:19,238 [Stop Help Server] INFO  o.e.j.server.handler.ContextHandler - Stopped o.e.j.s.ServletContextHandler@71177638{/help,null,UNAVAILABLE}
2017-06-30 18:03:18,987 [Worker-3] INFO  c.g.t.t.d.PublishedGradleVersions - Gradle version information cache is up-to-date. Trying to read.
2017-06-30 18:11:26,484 [Start Help Server] INFO  org.eclipse.jetty.util.log - Logging initialized @530317ms
2017-06-30 18:11:26,662 [Start Help Server] INFO  org.eclipse.jetty.server.Server - jetty-9.3.9.v20160517
2017-06-30 18:11:26,715 [Start Help Server] INFO  o.e.j.server.handler.ContextHandler - Started o.e.j.s.ServletContextHandler@3f16d638{/help,null,AVAILABLE}
2017-06-30 18:11:26,736 [Start Help Server] INFO  o.e.jetty.server.AbstractConnector - Started ServerConnector@5c3851d7{HTTP/1.1,[http/1.1]}{127.0.0.1:50749}
2017-06-30 18:11:26,740 [Start Help Server] INFO  org.eclipse.jetty.server.Server - Started @530573ms
2017-06-30 18:49:11,364 [Stop Help Server] INFO  o.e.jetty.server.AbstractConnector - Stopped ServerConnector@5c3851d7{HTTP/1.1,[http/1.1]}{127.0.0.1:0}
2017-06-30 18:49:11,364 [Stop Help Server] INFO  o.e.j.server.handler.ContextHandler - Stopped o.e.j.s.ServletContextHandler@3f16d638{/help,null,UNAVAILABLE}
2017-07-03 12:10:29,569 [Worker-0] INFO  c.g.t.t.d.PublishedGradleVersions - Gradle version information cache is out-of-date. Trying to update.
2017-07-03 12:10:34,765 [Start Help Server] INFO  org.eclipse.jetty.util.log - Logging initialized @28375ms
2017-07-03 12:10:34,947 [Start Help Server] INFO  org.eclipse.jetty.server.Server - jetty-9.3.9.v20160517
2017-07-03 12:10:34,996 [Start Help Server] INFO  o.e.j.server.handler.ContextHandler - Started o.e.j.s.ServletContextHandler@4e86ce18{/help,null,AVAILABLE}
2017-07-03 12:10:35,014 [Start Help Server] INFO  o.e.jetty.server.AbstractConnector - Started ServerConnector@4a39cd39{HTTP/1.1,[http/1.1]}{127.0.0.1:50958}
2017-07-03 12:10:35,014 [Start Help Server] INFO  org.eclipse.jetty.server.Server - Started @28624ms
2017-07-03 12:37:00,958 [Stop Help Server] INFO  o.e.jetty.server.AbstractConnector - Stopped ServerConnector@4a39cd39{HTTP/1.1,[http/1.1]}{127.0.0.1:0}
2017-07-03 12:37:00,973 [Stop Help Server] INFO  o.e.j.server.handler.ContextHandler - Stopped o.e.j.s.ServletContextHandler@4e86ce18{/help,null,UNAVAILABLE}
2017-07-03 12:51:26,165 [Worker-2] INFO  c.g.t.t.d.PublishedGradleVersions - Gradle version information cache is up-to-date. Trying to read.
2017-07-03 13:18:39,430 [Worker-0] INFO  c.g.t.t.d.PublishedGradleVersions - Gradle version information cache is up-to-date. Trying to read.
2017-07-03 14:01:21,915 [Worker-0] INFO  c.g.t.t.d.PublishedGradleVersions - Gradle version information cache is up-to-date. Trying to read.
2017-07-03 14:06:31,958 [Start Help Server] INFO  org.eclipse.jetty.util.log - Logging initialized @347394ms
2017-07-03 14:06:32,244 [Start Help Server] INFO  org.eclipse.jetty.server.Server - jetty-9.3.9.v20160517
2017-07-03 14:06:32,328 [Start Help Server] INFO  o.e.j.server.handler.ContextHandler - Started o.e.j.s.ServletContextHandler@382230ee{/help,null,AVAILABLE}
2017-07-03 14:06:32,360 [Start Help Server] INFO  o.e.jetty.server.AbstractConnector - Started ServerConnector@37b3689c{HTTP/1.1,[http/1.1]}{127.0.0.1:51866}
2017-07-03 14:06:32,360 [Start Help Server] INFO  org.eclipse.jetty.server.Server - Started @347803ms
2017-07-03 14:43:25,132 [Stop Help Server] INFO  o.e.jetty.server.AbstractConnector - Stopped ServerConnector@37b3689c{HTTP/1.1,[http/1.1]}{127.0.0.1:0}
2017-07-03 14:43:25,163 [Stop Help Server] INFO  o.e.j.server.handler.ContextHandler - Stopped o.e.j.s.ServletContextHandler@382230ee{/help,null,UNAVAILABLE}
2017-07-03 15:49:42,577 [Worker-1] INFO  c.g.t.t.d.PublishedGradleVersions - Gradle version information cache is up-to-date. Trying to read.
2017-07-03 18:02:12,571 [Worker-0] INFO  c.g.t.t.d.PublishedGradleVersions - Gradle version information cache is up-to-date. Trying to read.
2017-07-07 09:29:39,693 [Worker-2] INFO  c.g.t.t.d.PublishedGradleVersions - Gradle version information cache is up-to-date. Trying to read.
2017-07-07 09:30:20,020 [Start Help Server] INFO  org.eclipse.jetty.util.log - Logging initialized @57882ms
2017-07-07 09:30:20,207 [Start Help Server] INFO  org.eclipse.jetty.server.Server - jetty-9.3.9.v20160517
2017-07-07 09:30:20,300 [Start Help Server] INFO  o.e.j.server.handler.ContextHandler - Started o.e.j.s.ServletContextHandler@75452918{/help,null,AVAILABLE}
2017-07-07 09:30:20,333 [Start Help Server] INFO  o.e.jetty.server.AbstractConnector - Started ServerConnector@f1e8927{HTTP/1.1,[http/1.1]}{127.0.0.1:50015}
2017-07-07 09:30:20,335 [Start Help Server] INFO  org.eclipse.jetty.server.Server - Started @58196ms
2017-07-07 09:34:13,834 [Stop Help Server] INFO  o.e.jetty.server.AbstractConnector - Stopped ServerConnector@f1e8927{HTTP/1.1,[http/1.1]}{127.0.0.1:0}
2017-07-07 09:34:13,845 [Stop Help Server] INFO  o.e.j.server.handler.ContextHandler - Stopped o.e.j.s.ServletContextHandler@75452918{/help,null,UNAVAILABLE}
2017-07-07 13:48:00,809 [Worker-3] INFO  c.g.t.t.d.PublishedGradleVersions - Gradle version information cache is up-to-date. Trying to read.
2017-07-07 13:58:31,816 [Worker-1] INFO  c.g.t.t.d.PublishedGradleVersions - Gradle version information cache is up-to-date. Trying to read.
2017-07-07 15:01:49,062 [Worker-0] INFO  c.g.t.t.d.PublishedGradleVersions - Gradle version information cache is out-of-date. Trying to update.
2017-07-09 15:27:12,815 [Worker-2] INFO  c.g.t.t.d.PublishedGradleVersions - Gradle version information cache is out-of-date. Trying to update.
2017-07-09 15:27:56,033 [Worker-9] WARN  org.eclipse.jgit.util.FS - Exception caught during execution of command '[git, --version]' in '/usr/bin', return code '1', error message 'xcrun: error: invalid active developer path (/Library/Developer/CommandLineTools), missing xcrun at: /Library/Developer/CommandLineTools/usr/bin/xcrun
'
2017-07-18 15:28:36,945 [Worker-1] INFO  c.g.t.t.d.PublishedGradleVersions - Gradle version information cache is out-of-date. Trying to update.
2017-07-18 15:55:14,639 [Worker-0] INFO  c.g.t.t.d.PublishedGradleVersions - Gradle version information cache is up-to-date. Trying to read.
2017-07-19 11:42:43,492 [Worker-0] INFO  c.g.t.t.d.PublishedGradleVersions - Gradle version information cache is up-to-date. Trying to read.
2017-07-19 12:11:49,839 [Worker-1] INFO  c.g.t.t.d.PublishedGradleVersions - Gradle version information cache is up-to-date. Trying to read.
2017-07-21 14:34:50,348 [Worker-1] INFO  c.g.t.t.d.PublishedGradleVersions - Gradle version information cache is out-of-date. Trying to update.
2017-07-23 11:42:45,510 [Worker-1] INFO  c.g.t.t.d.PublishedGradleVersions - Gradle version information cache is out-of-date. Trying to update.
